Using pre-set license
Built from '2020.2/release' branch; Version is '2020.2.2f1 (068178b99f32) revision 426360'; Using compiler version '192528614'; Build Type 'Release'
OS: 'Windows 10 Pro; OS build 19042.985; Version 2009; 64bit' Language: 'fr' Physical Memory: 16318 MB
BatchMode: 1, IsHumanControllingUs: 0, StartBugReporterOnCrash: 0, Is64bit: 1, IsPro: 0

 COMMAND LINE ARGUMENTS:
D:\unity\2020.2.2f1\Editor\Unity.exe
-adb2
-batchMode
-noUpm
-name
AssetImportWorker0
-projectPath
D:/SSS/SuperSlashSaga
-logFile
Logs/AssetImportWorker0.log
-srvPort
57246
Successfully changed project path to: D:/SSS/SuperSlashSaga
D:/SSS/SuperSlashSaga
Using Asset Import Pipeline V2.
Refreshing native plugins compatible for Editor in 50.95 ms, found 1 plugins.
Preloading 0 native plugins for Editor in 0.00 ms.
Initialize engine version: 2020.2.2f1 (068178b99f32)
[Subsystems] Discovering subsystems at path D:/unity/2020.2.2f1/Editor/Data/Resources/UnitySubsystems
[Subsystems] Discovering subsystems at path D:/SSS/SuperSlashSaga/Assets
GfxDevice: creating device client; threaded=0
Direct3D:
    Version:  Direct3D 11.0 [level 11.1]
    Renderer: NVIDIA GeForce RTX 2080 SUPER (ID=0x1e81)
    Vendor:   
    VRAM:     8010 MB
    Driver:   27.21.14.6079
Shader 'Universal Render Pipeline/Particles/Lit': fallback shader 'Universal Render Pipeline/Particles/SimpleLit' not found
Initialize mono
Mono path[0] = 'D:/unity/2020.2.2f1/Editor/Data/Managed'
Mono path[1] = 'D:/unity/2020.2.2f1/Editor/Data/MonoBleedingEdge/lib/mono/unityjit'
Mono config path = 'D:/unity/2020.2.2f1/Editor/Data/MonoBleedingEdge/etc'
Using monoOptions --debugger-agent=transport=dt_socket,embedding=1,server=y,suspend=n,address=127.0.0.1:56892
Begin MonoManager ReloadAssembly
Registering precompiled unity dll's ...
Register platform support module: D:/unity/2020.2.2f1/Editor/Data/PlaybackEngines/WindowsStandaloneSupport/UnityEditor.WindowsStandalone.Extensions.dll
Registered in 0.001531 seconds.
Native extension for WindowsStandalone target not found
Refreshing native plugins compatible for Editor in 71.54 ms, found 1 plugins.
Preloading 0 native plugins for Editor in 0.00 ms.
Invoked RoslynAnalysisRunner static constructor.
RoslynAnalysisRunner will not be running.
RoslynAnalysisRunner has terminated.
Mono: successfully reloaded assembly
- Completed reload, in  1.230 seconds
Platform modules already initialized, skipping
Registering precompiled user dll's ...
Registered in 0.002304 seconds.
Begin MonoManager ReloadAssembly
Native extension for WindowsStandalone target not found
Refreshing native plugins compatible for Editor in 52.77 ms, found 1 plugins.
Preloading 0 native plugins for Editor in 0.00 ms.
Invoked RoslynAnalysisRunner static constructor.
RoslynAnalysisRunner will not be running.
RoslynAnalysisRunner has terminated.
Mono: successfully reloaded assembly
- Completed reload, in  0.960 seconds
Platform modules already initialized, skipping
========================================================================
Worker process is ready to serve import requests
Shader 'Universal Render Pipeline/Particles/Lit': fallback shader 'Universal Render Pipeline/Particles/SimpleLit' not found
Launched and connected shader compiler UnityShaderCompiler.exe after 0.04 seconds
Refreshing native plugins compatible for Editor in 0.54 ms, found 1 plugins.
Preloading 0 native plugins for Editor in 0.00 ms.
Unloading 3775 Unused Serialized files (Serialized files now loaded: 0)
System memory in use before: 163.2 MB.
System memory in use after: 163.3 MB.

Unloading 134 unused Assets to reduce memory usage. Loaded Objects now: 4204.
Total: 2.444500 ms (FindLiveObjects: 0.284300 ms CreateObjectMapping: 0.169500 ms MarkObjects: 1.830500 ms  DeleteObjects: 0.159200 ms)

========================================================================
Received Import Request.
  path: Assets/color.mat
  artifactKey: Guid(608687df3bdd8cc4bba80c1de855f2d9) Importer(815301076,1909f56bfc062723c751e8b465ee728b)
Start importing Assets/color.mat using Guid(608687df3bdd8cc4bba80c1de855f2d9) Importer(815301076,1909f56bfc062723c751e8b465ee728b)  -> (artifact id: 'c23469be2bcf1536bf7985c7effd159a') in 0.418467 seconds
  Import took 0.422696 seconds .

========================================================================
Received Import Request.
  Time since last request: 0.000172 seconds.
  path: Assets/New Terrain 1.asset
  artifactKey: Guid(b434c9cfa88a1e5449fe79b8ef4d17ed) Importer(815301076,1909f56bfc062723c751e8b465ee728b)
Start importing Assets/New Terrain 1.asset using Guid(b434c9cfa88a1e5449fe79b8ef4d17ed) Importer(815301076,1909f56bfc062723c751e8b465ee728b)  -> (artifact id: 'e48cedaa39e09b3bbc5e3f47270269a7') in 0.014545 seconds
  Import took 0.019013 seconds .

========================================================================
Received Import Request.
  Time since last request: 0.000274 seconds.
  path: Assets/Combo_Guide.jpg
  artifactKey: Guid(50996d7c78e1dd04ba6c5907534a4e45) Importer(815301076,1909f56bfc062723c751e8b465ee728b)
Start importing Assets/Combo_Guide.jpg using Guid(50996d7c78e1dd04ba6c5907534a4e45) Importer(815301076,1909f56bfc062723c751e8b465ee728b)  -> (artifact id: '4098bca60f6a2da96afd59b7c94adc08') in 0.012406 seconds
  Import took 0.016895 seconds .

========================================================================
Received Import Request.
  Time since last request: 0.000168 seconds.
  path: Assets/InputSystem.inputsettings.asset
  artifactKey: Guid(a556beb97a8e2264d88bc21f35b0d233) Importer(815301076,1909f56bfc062723c751e8b465ee728b)
Start importing Assets/InputSystem.inputsettings.asset using Guid(a556beb97a8e2264d88bc21f35b0d233) Importer(815301076,1909f56bfc062723c751e8b465ee728b)  -> (artifact id: 'deda49dc948bb37c7aa08f0d868906f6') in 0.001386 seconds
  Import took 0.005235 seconds .

========================================================================
Received Import Request.
  Time since last request: 0.000178 seconds.
  path: Assets/Controls.inputactions
  artifactKey: Guid(000037dad961ef84f9e0d35db462b380) Importer(815301076,1909f56bfc062723c751e8b465ee728b)
Start importing Assets/Controls.inputactions using Guid(000037dad961ef84f9e0d35db462b380) Importer(815301076,1909f56bfc062723c751e8b465ee728b)  -> (artifact id: '4640138378e29a0d74c1f38152ec2206') in 0.006991 seconds
  Import took 0.010934 seconds .

========================================================================
Received Import Request.
  Time since last request: 416.743029 seconds.
  path: Assets/Scenes/Menu Principal.unity
  artifactKey: Guid(13dfea64510dbd8479120703676bb137) Importer(815301076,1909f56bfc062723c751e8b465ee728b)
Start importing Assets/Scenes/Menu Principal.unity using Guid(13dfea64510dbd8479120703676bb137) Importer(815301076,1909f56bfc062723c751e8b465ee728b)  -> (artifact id: 'a8f11f27970f7107b796464ab2c3b427') in 0.001423 seconds
  Import took 0.006109 seconds .

========================================================================
Received Import Request.
  Time since last request: 0.019118 seconds.
  path: Assets/Scenes/Menu Principal.unity
  artifactKey: Guid(13dfea64510dbd8479120703676bb137) Importer(815301076,1909f56bfc062723c751e8b465ee728b)
Start importing Assets/Scenes/Menu Principal.unity using Guid(13dfea64510dbd8479120703676bb137) Importer(815301076,1909f56bfc062723c751e8b465ee728b)  -> (artifact id: 'a8f11f27970f7107b796464ab2c3b427') in 0.001053 seconds
  Import took 0.005659 seconds .

========================================================================
Received Prepare
Registering precompiled user dll's ...
Registered in 0.001125 seconds.
Begin MonoManager ReloadAssembly
Native extension for WindowsStandalone target not found
Refreshing native plugins compatible for Editor in 0.48 ms, found 1 plugins.
Preloading 0 native plugins for Editor in 0.00 ms.
Warning: Annotation not found!
UnityEngine.StackTraceUtility:ExtractStackTrace ()
UnityEditor.ProBuilder.EditorUtility:SetGizmoIconEnabled (System.Type,bool) (at Library/PackageCache/com.unity.probuilder@4.4.0/Editor/EditorCore/EditorUtility.cs:593)
UnityEditor.ProBuilder.HierarchyListener:.cctor () (at Library/PackageCache/com.unity.probuilder@4.4.0/Editor/EditorCore/HierarchyListener.cs:21)
System.Runtime.CompilerServices.RuntimeHelpers:RunClassConstructor (System.RuntimeTypeHandle)
UnityEditor.EditorAssemblies:ProcessInitializeOnLoadAttributes (System.Type[])

[Library/PackageCache/com.unity.probuilder@4.4.0/Editor/EditorCore/EditorUtility.cs line 593]

Invoked RoslynAnalysisRunner static constructor.
RoslynAnalysisRunner will not be running.
RoslynAnalysisRunner has terminated.
Mono: successfully reloaded assembly
- Completed reload, in  0.806 seconds
Platform modules already initialized, skipping
Shader 'Universal Render Pipeline/Particles/Lit': fallback shader 'Universal Render Pipeline/Particles/SimpleLit' not found
Refreshing native plugins compatible for Editor in 0.49 ms, found 1 plugins.
Preloading 0 native plugins for Editor in 0.00 ms.
Unloading 3616 Unused Serialized files (Serialized files now loaded: 0)
System memory in use before: 160.3 MB.
System memory in use after: 160.5 MB.

Unloading 13 unused Assets to reduce memory usage. Loaded Objects now: 4292.
Total: 2.200500 ms (FindLiveObjects: 0.248800 ms CreateObjectMapping: 0.137700 ms MarkObjects: 1.761700 ms  DeleteObjects: 0.051700 ms)

========================================================================
Received Import Request.
  Time since last request: 6168.665720 seconds.
  path: Assets/Scripts/Menu Script
  artifactKey: Guid(eb5cdf98067b98d488d299d72bf45660) Importer(815301076,1909f56bfc062723c751e8b465ee728b)
Start importing Assets/Scripts/Menu Script using Guid(eb5cdf98067b98d488d299d72bf45660) Importer(815301076,1909f56bfc062723c751e8b465ee728b)  -> (artifact id: 'be385e74effb3d885f48edd867d169f6') in 0.004757 seconds
  Import took 0.009478 seconds .

========================================================================
Received Import Request.
  Time since last request: 0.068020 seconds.
  path: Assets/Scripts/Menu Script/InputForMenu.inputactions
  artifactKey: Guid(e6abb072d146aa24692b9d304b36c526) Importer(815301076,1909f56bfc062723c751e8b465ee728b)
Start importing Assets/Scripts/Menu Script/InputForMenu.inputactions using Guid(e6abb072d146aa24692b9d304b36c526) Importer(815301076,1909f56bfc062723c751e8b465ee728b)  -> (artifact id: '086f300b4d13511b839bf3b8b93d3cbe') in 0.009451 seconds
  Import took 0.013719 seconds .

========================================================================
Received Import Request.
  Time since last request: 2.063760 seconds.
  path: Assets/Scripts/Menu Script/SplashScreen.cs
  artifactKey: Guid(7ee89aa8e51b6394d8451884394800f0) Importer(815301076,1909f56bfc062723c751e8b465ee728b)
Start importing Assets/Scripts/Menu Script/SplashScreen.cs using Guid(7ee89aa8e51b6394d8451884394800f0) Importer(815301076,1909f56bfc062723c751e8b465ee728b)  -> (artifact id: '978ebebafafa17cd772dcbaea1ec0a76') in 0.006181 seconds
  Import took 0.010608 seconds .

========================================================================
Received Import Request.
  Time since last request: 0.000581 seconds.
  path: Assets/Scripts/Menu Script/SplashScreen.cs
  artifactKey: Guid(7ee89aa8e51b6394d8451884394800f0) Importer(815301076,1909f56bfc062723c751e8b465ee728b)
Start importing Assets/Scripts/Menu Script/SplashScreen.cs using Guid(7ee89aa8e51b6394d8451884394800f0) Importer(815301076,1909f56bfc062723c751e8b465ee728b)  -> (artifact id: '978ebebafafa17cd772dcbaea1ec0a76') in 0.001028 seconds
  Import took 0.005570 seconds .

========================================================================
Received Import Request.
  Time since last request: 0.829528 seconds.
  path: Assets/Scripts/Menu Script/PauseMenu.cs
  artifactKey: Guid(545fc58b454750d48b519b0ec5ea2405) Importer(815301076,1909f56bfc062723c751e8b465ee728b)
Start importing Assets/Scripts/Menu Script/PauseMenu.cs using Guid(545fc58b454750d48b519b0ec5ea2405) Importer(815301076,1909f56bfc062723c751e8b465ee728b)  -> (artifact id: 'dc0197c7a64b52901a9753e3153c132b') in 0.000944 seconds
  Import took 0.005011 seconds .

========================================================================
Received Import Request.
  Time since last request: 3.796699 seconds.
  path: Assets/Scripts/Menu Script/InputForMenu.cs
  artifactKey: Guid(bb63d0d38150f1a41823ac1e4d024b93) Importer(815301076,1909f56bfc062723c751e8b465ee728b)
Start importing Assets/Scripts/Menu Script/InputForMenu.cs using Guid(bb63d0d38150f1a41823ac1e4d024b93) Importer(815301076,1909f56bfc062723c751e8b465ee728b)  -> (artifact id: 'd1eb508e72b0f26830c2914f4927f49b') in 0.000885 seconds
  Import took 0.005088 seconds .

========================================================================
Received Import Request.
  Time since last request: 0.358017 seconds.
  path: Assets/Scripts/Menu Script/MainMenu.cs
  artifactKey: Guid(a5b844bbc5a9bc54b8c678bba81e248f) Importer(815301076,1909f56bfc062723c751e8b465ee728b)
Start importing Assets/Scripts/Menu Script/MainMenu.cs using Guid(a5b844bbc5a9bc54b8c678bba81e248f) Importer(815301076,1909f56bfc062723c751e8b465ee728b)  -> (artifact id: 'a9bcc428a62f7a3ff0d593bf61c14c25') in 0.001281 seconds
  Import took 0.005987 seconds .

========================================================================
Received Import Request.
  Time since last request: 1.735156 seconds.
  path: Assets/Scripts/Menu Script/MenuScript.cs
  artifactKey: Guid(e7520d4444063dd47b2c45ba893829af) Importer(815301076,1909f56bfc062723c751e8b465ee728b)
Start importing Assets/Scripts/Menu Script/MenuScript.cs using Guid(e7520d4444063dd47b2c45ba893829af) Importer(815301076,1909f56bfc062723c751e8b465ee728b)  -> (artifact id: 'a4233c0c87e3f36c7746becb09dc00df') in 0.001303 seconds
  Import took 0.005710 seconds .

========================================================================
Received Prepare
Registering precompiled user dll's ...
Registered in 0.001136 seconds.
Begin MonoManager ReloadAssembly
Native extension for WindowsStandalone target not found
Refreshing native plugins compatible for Editor in 0.48 ms, found 1 plugins.
Preloading 0 native plugins for Editor in 0.00 ms.
Warning: Annotation not found!
UnityEngine.StackTraceUtility:ExtractStackTrace ()
UnityEditor.ProBuilder.EditorUtility:SetGizmoIconEnabled (System.Type,bool) (at Library/PackageCache/com.unity.probuilder@4.4.0/Editor/EditorCore/EditorUtility.cs:593)
UnityEditor.ProBuilder.HierarchyListener:.cctor () (at Library/PackageCache/com.unity.probuilder@4.4.0/Editor/EditorCore/HierarchyListener.cs:21)
System.Runtime.CompilerServices.RuntimeHelpers:RunClassConstructor (System.RuntimeTypeHandle)
UnityEditor.EditorAssemblies:ProcessInitializeOnLoadAttributes (System.Type[])

[Library/PackageCache/com.unity.probuilder@4.4.0/Editor/EditorCore/EditorUtility.cs line 593]

Invoked RoslynAnalysisRunner static constructor.
RoslynAnalysisRunner will not be running.
RoslynAnalysisRunner has terminated.
Mono: successfully reloaded assembly
- Completed reload, in  0.774 seconds
Platform modules already initialized, skipping
Shader 'Universal Render Pipeline/Particles/Lit': fallback shader 'Universal Render Pipeline/Particles/SimpleLit' not found
Refreshing native plugins compatible for Editor in 0.47 ms, found 1 plugins.
Preloading 0 native plugins for Editor in 0.00 ms.
Unloading 3610 Unused Serialized files (Serialized files now loaded: 0)
System memory in use before: 161.0 MB.
System memory in use after: 161.2 MB.

Unloading 13 unused Assets to reduce memory usage. Loaded Objects now: 4294.
Total: 2.201600 ms (FindLiveObjects: 0.247000 ms CreateObjectMapping: 0.138500 ms MarkObjects: 1.774000 ms  DeleteObjects: 0.041500 ms)

========================================================================
Received Import Request.
  Time since last request: 138.263543 seconds.
  path: Assets/Scripts/Menu Script/MenuScript.cs
  artifactKey: Guid(e7520d4444063dd47b2c45ba893829af) Importer(815301076,1909f56bfc062723c751e8b465ee728b)
Start importing Assets/Scripts/Menu Script/MenuScript.cs using Guid(e7520d4444063dd47b2c45ba893829af) Importer(815301076,1909f56bfc062723c751e8b465ee728b)  -> (artifact id: '42acf68535739d4aece08bff157589ae') in 0.003440 seconds
  Import took 0.007432 seconds .

========================================================================
Received Prepare
Registering precompiled user dll's ...
Registered in 0.001102 seconds.
Begin MonoManager ReloadAssembly
Native extension for WindowsStandalone target not found
Refreshing native plugins compatible for Editor in 0.49 ms, found 1 plugins.
Preloading 0 native plugins for Editor in 0.00 ms.
Warning: Annotation not found!
UnityEngine.StackTraceUtility:ExtractStackTrace ()
UnityEditor.ProBuilder.EditorUtility:SetGizmoIconEnabled (System.Type,bool) (at Library/PackageCache/com.unity.probuilder@4.4.0/Editor/EditorCore/EditorUtility.cs:593)
UnityEditor.ProBuilder.HierarchyListener:.cctor () (at Library/PackageCache/com.unity.probuilder@4.4.0/Editor/EditorCore/HierarchyListener.cs:21)
System.Runtime.CompilerServices.RuntimeHelpers:RunClassConstructor (System.RuntimeTypeHandle)
UnityEditor.EditorAssemblies:ProcessInitializeOnLoadAttributes (System.Type[])

[Library/PackageCache/com.unity.probuilder@4.4.0/Editor/EditorCore/EditorUtility.cs line 593]

Invoked RoslynAnalysisRunner static constructor.
RoslynAnalysisRunner will not be running.
RoslynAnalysisRunner has terminated.
Mono: successfully reloaded assembly
- Completed reload, in  0.788 seconds
Platform modules already initialized, skipping
Shader 'Universal Render Pipeline/Particles/Lit': fallback shader 'Universal Render Pipeline/Particles/SimpleLit' not found
Refreshing native plugins compatible for Editor in 0.47 ms, found 1 plugins.
Preloading 0 native plugins for Editor in 0.00 ms.
Unloading 3610 Unused Serialized files (Serialized files now loaded: 0)
System memory in use before: 160.8 MB.
System memory in use after: 161.0 MB.

Unloading 13 unused Assets to reduce memory usage. Loaded Objects now: 4296.
Total: 2.177700 ms (FindLiveObjects: 0.246500 ms CreateObjectMapping: 0.138400 ms MarkObjects: 1.748300 ms  DeleteObjects: 0.043800 ms)

========================================================================
Received Import Request.
  Time since last request: 180.228794 seconds.
  path: Assets/Scripts/AudioManager.cs
  artifactKey: Guid(3b3802b03d8bac74a9b4b7b99557415e) Importer(815301076,1909f56bfc062723c751e8b465ee728b)
Start importing Assets/Scripts/AudioManager.cs using Guid(3b3802b03d8bac74a9b4b7b99557415e) Importer(815301076,1909f56bfc062723c751e8b465ee728b)  -> (artifact id: 'acd10233d849393a82250f358c614a30') in 0.004669 seconds
  Import took 0.009098 seconds .

========================================================================
Received Import Request.
  Time since last request: 0.000270 seconds.
  path: Assets/Scripts/AudioManager.cs
  artifactKey: Guid(3b3802b03d8bac74a9b4b7b99557415e) Importer(815301076,1909f56bfc062723c751e8b465ee728b)
Start importing Assets/Scripts/AudioManager.cs using Guid(3b3802b03d8bac74a9b4b7b99557415e) Importer(815301076,1909f56bfc062723c751e8b465ee728b)  -> (artifact id: 'acd10233d849393a82250f358c614a30') in 0.000938 seconds
  Import took 0.005098 seconds .

========================================================================
Received Import Request.
  Time since last request: 579.226481 seconds.
  path: Assets/VFX/YuetsuUltimate.vfx
  artifactKey: Guid(d054a8427759b0f4a948f48d3d535723) Importer(815301076,1909f56bfc062723c751e8b465ee728b)
Start importing Assets/VFX/YuetsuUltimate.vfx using Guid(d054a8427759b0f4a948f48d3d535723) Importer(815301076,1909f56bfc062723c751e8b465ee728b)  -> (artifact id: '519e34b61fa84f787e7b190100b5fcf1') in 0.007620 seconds
  Import took 0.012991 seconds .

========================================================================
Received Import Request.
  Time since last request: 273.972818 seconds.
  path: Assets/Menu/degradé.jpg
  artifactKey: Guid(68fb14db3b888e04abe8c8a1bfa0b9da) Importer(815301076,1909f56bfc062723c751e8b465ee728b)
Start importing Assets/Menu/degradé.jpg using Guid(68fb14db3b888e04abe8c8a1bfa0b9da) Importer(815301076,1909f56bfc062723c751e8b465ee728b)  -> (artifact id: '04739a00bb9e02882e15b11c584ddc2d') in 0.036757 seconds
  Import took 0.041685 seconds .

========================================================================
Received Import Request.
  Time since last request: 0.000132 seconds.
  path: Assets/Menu/Menu_Pause_curseur.png
  artifactKey: Guid(ff5c63887df9fce478eb155c7eb83335) Importer(815301076,1909f56bfc062723c751e8b465ee728b)
Start importing Assets/Menu/Menu_Pause_curseur.png using Guid(ff5c63887df9fce478eb155c7eb83335) Importer(815301076,1909f56bfc062723c751e8b465ee728b)  -> (artifact id: '2b34fb141dfcefce6080e2707d3815f5') in 0.048252 seconds
  Import took 0.052621 seconds .

========================================================================
Received Import Request.
  Time since last request: 0.000119 seconds.
  path: Assets/Menu/Menu_Pause_Texte.png
  artifactKey: Guid(f13d64848dc332948b827bc9a889eae6) Importer(815301076,1909f56bfc062723c751e8b465ee728b)
Start importing Assets/Menu/Menu_Pause_Texte.png using Guid(f13d64848dc332948b827bc9a889eae6) Importer(815301076,1909f56bfc062723c751e8b465ee728b)  -> (artifact id: 'd040d9279643a2317d70c51652b5e81d') in 0.006597 seconds
  Import took 0.010685 seconds .

========================================================================
Received Import Request.
  Time since last request: 0.000129 seconds.
  path: Assets/Menu/Splash Screen SSS.png
  artifactKey: Guid(3afca3d5a9c965145b9771cf7b69f0cb) Importer(815301076,1909f56bfc062723c751e8b465ee728b)
Start importing Assets/Menu/Splash Screen SSS.png using Guid(3afca3d5a9c965145b9771cf7b69f0cb) Importer(815301076,1909f56bfc062723c751e8b465ee728b)  -> (artifact id: 'dcfd28cdb0658551fde2e7075d9971cf') in 0.007781 seconds
  Import took 0.012669 seconds .

========================================================================
Received Import Request.
  Time since last request: 0.000163 seconds.
  path: Assets/Menu/SSS_Curseur.png
  artifactKey: Guid(64b4b42320f7d314ba37311d8a7bd38d) Importer(815301076,1909f56bfc062723c751e8b465ee728b)
Start importing Assets/Menu/SSS_Curseur.png using Guid(64b4b42320f7d314ba37311d8a7bd38d) Importer(815301076,1909f56bfc062723c751e8b465ee728b)  -> (artifact id: 'f12146c8efd2a732a42bef2028f158b7') in 0.006510 seconds
  Import took 0.010800 seconds .

========================================================================
Received Import Request.
  Time since last request: 0.000151 seconds.
  path: Assets/Menu/Menu_Pause_fond.png
  artifactKey: Guid(7518321b31ab69648a0f16334f4f689e) Importer(815301076,1909f56bfc062723c751e8b465ee728b)
Start importing Assets/Menu/Menu_Pause_fond.png using Guid(7518321b31ab69648a0f16334f4f689e) Importer(815301076,1909f56bfc062723c751e8b465ee728b)  -> (artifact id: '46e458c8fd382011af5fa84a811dbe38') in 0.006023 seconds
  Import took 0.010411 seconds .

========================================================================
Received Import Request.
  Time since last request: 0.000137 seconds.
  path: Assets/Menu/SSS_Menu_Option.png
  artifactKey: Guid(518a53a6bf51d3941b987bae84a6c8af) Importer(815301076,1909f56bfc062723c751e8b465ee728b)
Start importing Assets/Menu/SSS_Menu_Option.png using Guid(518a53a6bf51d3941b987bae84a6c8af) Importer(815301076,1909f56bfc062723c751e8b465ee728b)  -> (artifact id: '191fe10f4789c335ec2df61d16172d1d') in 0.005646 seconds
  Import took 0.009911 seconds .

========================================================================
Received Import Request.
  Time since last request: 0.000128 seconds.
  path: Assets/Menu/SSS_Menu_Princ.png
  artifactKey: Guid(9876863030102cf49a96562c1bac3e39) Importer(815301076,1909f56bfc062723c751e8b465ee728b)
Start importing Assets/Menu/SSS_Menu_Princ.png using Guid(9876863030102cf49a96562c1bac3e39) Importer(815301076,1909f56bfc062723c751e8b465ee728b)  -> (artifact id: '7d993ac8060f6eb769d65efac4a174d7') in 0.007848 seconds
  Import took 0.012330 seconds .

========================================================================
Received Import Request.
  Time since last request: 0.228430 seconds.
  path: Assets/Models/cape.fbx
  artifactKey: Guid(ec387152227b2a5489d3d0d149312f37) Importer(815301076,1909f56bfc062723c751e8b465ee728b)
Start importing Assets/Models/cape.fbx using Guid(ec387152227b2a5489d3d0d149312f37) Importer(815301076,1909f56bfc062723c751e8b465ee728b)  -> (artifact id: 'a7690b5385f1be82d8016c0ed52cf952') in 0.396487 seconds
  Import took 0.400795 seconds .

========================================================================
Received Import Request.
  Time since last request: 0.000149 seconds.
  path: Assets/Models/Yuetsu_v4_no_cape.fbx
  artifactKey: Guid(eab7152bb8a33784aa9bc9a4917540a9) Importer(815301076,1909f56bfc062723c751e8b465ee728b)
Start importing Assets/Models/Yuetsu_v4_no_cape.fbx using Guid(eab7152bb8a33784aa9bc9a4917540a9) Importer(815301076,1909f56bfc062723c751e8b465ee728b)  -> (artifact id: '9281ceaa67d6e1ecc184c947a93900a5') in 0.248470 seconds
  Import took 0.252706 seconds .

========================================================================
Received Import Request.
  Time since last request: 0.000138 seconds.
  path: Assets/Musique/SSS_Victoire_Fond.png
  artifactKey: Guid(f98552aaae5e9344fae37408590e3a48) Importer(815301076,1909f56bfc062723c751e8b465ee728b)
Start importing Assets/Musique/SSS_Victoire_Fond.png using Guid(f98552aaae5e9344fae37408590e3a48) Importer(815301076,1909f56bfc062723c751e8b465ee728b)  -> (artifact id: '80b1387d9a7dafbda4bd6de30edf2458') in 0.021212 seconds
  Import took 0.025692 seconds .

========================================================================
Received Import Request.
  Time since last request: 0.000138 seconds.
  path: Assets/Musique/SSS_Victoire_J1.png
  artifactKey: Guid(265a955c1a16a9348a633e0fc618104d) Importer(815301076,1909f56bfc062723c751e8b465ee728b)
Start importing Assets/Musique/SSS_Victoire_J1.png using Guid(265a955c1a16a9348a633e0fc618104d) Importer(815301076,1909f56bfc062723c751e8b465ee728b)  -> (artifact id: '4e642a18d2e92295c8fe246cd29107a2') in 0.005559 seconds
  Import took 0.009565 seconds .

========================================================================
Received Import Request.
  Time since last request: 0.000168 seconds.
  path: Assets/Models/Yuetsu_ChampSelect.fbx
  artifactKey: Guid(27a6b00b742597e4c9669a59a30a6dea) Importer(815301076,1909f56bfc062723c751e8b465ee728b)
Start importing Assets/Models/Yuetsu_ChampSelect.fbx using Guid(27a6b00b742597e4c9669a59a30a6dea) Importer(815301076,1909f56bfc062723c751e8b465ee728b)  -> (artifact id: '0eb2e9078e617f6011db8ea59e9f1e60') in 0.041248 seconds
  Import took 0.045693 seconds .

========================================================================
Received Import Request.
  Time since last request: 0.000112 seconds.
  path: Assets/Models/Yuetsu v4_mixamo.fbx
  artifactKey: Guid(71277f1fe0acb814c9efbfc3f5b6f660) Importer(815301076,1909f56bfc062723c751e8b465ee728b)
Start importing Assets/Models/Yuetsu v4_mixamo.fbx using Guid(71277f1fe0acb814c9efbfc3f5b6f660) Importer(815301076,1909f56bfc062723c751e8b465ee728b)  -> (artifact id: 'ed96beaae29f8f2e6196af8927c20904') in 0.029108 seconds
  Import took 0.033374 seconds .

========================================================================
Received Import Request.
  Time since last request: 0.000105 seconds.
  path: Assets/Musique/SSS_Victoire_J2.png
  artifactKey: Guid(50e317a606c767c46b20c7fec1a3df91) Importer(815301076,1909f56bfc062723c751e8b465ee728b)
Start importing Assets/Musique/SSS_Victoire_J2.png using Guid(50e317a606c767c46b20c7fec1a3df91) Importer(815301076,1909f56bfc062723c751e8b465ee728b)  -> (artifact id: '6898d6a01ed90d950183c13f9b716c4b') in 0.005580 seconds
  Import took 0.009580 seconds .

========================================================================
Received Import Request.
  Time since last request: 0.000130 seconds.
  path: Assets/Musique/Musique-de-combat.mp3
  artifactKey: Guid(46800b35826f27543be3cdc0ed5b13ab) Importer(815301076,1909f56bfc062723c751e8b465ee728b)
Start importing Assets/Musique/Musique-de-combat.mp3 using Guid(46800b35826f27543be3cdc0ed5b13ab) Importer(815301076,1909f56bfc062723c751e8b465ee728b)  -> (artifact id: '400804d8d36196df4cde21c82c7b7381') in 0.012351 seconds
  Import took 0.017347 seconds .

========================================================================
Received Import Request.
  Time since last request: 0.000149 seconds.
  path: Assets/Models/yuetsuSword_withoutHandle.fbx
  artifactKey: Guid(9e0e8a67ade82da4498f8d15bb405ea3) Importer(815301076,1909f56bfc062723c751e8b465ee728b)
Start importing Assets/Models/yuetsuSword_withoutHandle.fbx using Guid(9e0e8a67ade82da4498f8d15bb405ea3) Importer(815301076,1909f56bfc062723c751e8b465ee728b)  -> (artifact id: '0b172b6e59ed52934be5d1ca53f31ef6') in 0.014099 seconds
  Import took 0.018467 seconds .

========================================================================
Received Import Request.
  Time since last request: 0.000156 seconds.
  path: Assets/Musique/Non_dit_1.ogg
  artifactKey: Guid(45fbaddbf31549a4683e844f89062af8) Importer(815301076,1909f56bfc062723c751e8b465ee728b)
Start importing Assets/Musique/Non_dit_1.ogg using Guid(45fbaddbf31549a4683e844f89062af8) Importer(815301076,1909f56bfc062723c751e8b465ee728b)  -> (artifact id: '6f4d2fd29a83cc04c69a8dfb246ecf50') in 0.019198 seconds
  Import took 0.023528 seconds .

========================================================================
Received Import Request.
  Time since last request: 0.000150 seconds.
  path: Assets/Models/Yuetsu v4.fbx
  artifactKey: Guid(13c08d4c3f63c3143bdcf30da16ed252) Importer(815301076,1909f56bfc062723c751e8b465ee728b)
Start importing Assets/Models/Yuetsu v4.fbx using Guid(13c08d4c3f63c3143bdcf30da16ed252) Importer(815301076,1909f56bfc062723c751e8b465ee728b)  -> (artifact id: '5e2e4fe116e94e7b541a631fbc81ad0c') in 0.026685 seconds
  Import took 0.030638 seconds .

========================================================================
Received Import Request.
  Time since last request: 0.000115 seconds.
  path: Assets/Models/Yuetsu_v3.fbx
  artifactKey: Guid(c92e9c85a6928a641922a32cc10302d2) Importer(815301076,1909f56bfc062723c751e8b465ee728b)
Start importing Assets/Models/Yuetsu_v3.fbx using Guid(c92e9c85a6928a641922a32cc10302d2) Importer(815301076,1909f56bfc062723c751e8b465ee728b)  -> (artifact id: '7c033ee76df38aead92580da210cf051') in 0.019818 seconds
  Import took 0.023770 seconds .

========================================================================
Received Import Request.
  Time since last request: 0.000139 seconds.
  path: Assets/Musique/Musique-guitare-en-plus-loop.mp3
  artifactKey: Guid(77cf2c24d1fbe104085b75e3534fea3d) Importer(815301076,1909f56bfc062723c751e8b465ee728b)
Start importing Assets/Musique/Musique-guitare-en-plus-loop.mp3 using Guid(77cf2c24d1fbe104085b75e3534fea3d) Importer(815301076,1909f56bfc062723c751e8b465ee728b)  -> (artifact id: '6ee746f4c24db3ca08189e5c82306d6d') in 0.003877 seconds
  Import took 0.007782 seconds .

========================================================================
Received Import Request.
  Time since last request: 0.000193 seconds.
  path: Assets/Musique/caverne.ogg
  artifactKey: Guid(344a897643e27d943901d95efb783c06) Importer(815301076,1909f56bfc062723c751e8b465ee728b)
Start importing Assets/Musique/caverne.ogg using Guid(344a897643e27d943901d95efb783c06) Importer(815301076,1909f56bfc062723c751e8b465ee728b)  -> (artifact id: '4dd8270eb68005d65ab0d4c192ef359b') in 0.004949 seconds
  Import took 0.009121 seconds .

========================================================================
Received Import Request.
  Time since last request: 0.771194 seconds.
  path: Assets/Prefabs/character.prefab
  artifactKey: Guid(88ed0dfd26d499b448c3b6d176028c34) Importer(815301076,1909f56bfc062723c751e8b465ee728b)
Start importing Assets/Prefabs/character.prefab using Guid(88ed0dfd26d499b448c3b6d176028c34) Importer(815301076,1909f56bfc062723c751e8b465ee728b)  -> (artifact id: '708a386b12fd13f94034beef10170a57') in 0.008172 seconds
  Import took 0.012463 seconds .

========================================================================
Received Import Request.
  Time since last request: 0.000141 seconds.
  path: Assets/Prefabs/Level Transfer.prefab
  artifactKey: Guid(1c7dad393c09e11459c13c3a84c16f03) Importer(815301076,1909f56bfc062723c751e8b465ee728b)
Start importing Assets/Prefabs/Level Transfer.prefab using Guid(1c7dad393c09e11459c13c3a84c16f03) Importer(815301076,1909f56bfc062723c751e8b465ee728b)  -> (artifact id: '7c70b1c00cc45310eb3f684c01cb0d12') in 0.002315 seconds
  Import took 0.006108 seconds .

========================================================================
Received Import Request.
  Time since last request: 0.000183 seconds.
  path: Assets/Prefabs/Selector.prefab
  artifactKey: Guid(71773de1c00f5e346821c4aac08099cc) Importer(815301076,1909f56bfc062723c751e8b465ee728b)
Start importing Assets/Prefabs/Selector.prefab using Guid(71773de1c00f5e346821c4aac08099cc) Importer(815301076,1909f56bfc062723c751e8b465ee728b)  -> (artifact id: 'f2d65e92af99403cf8ea44cdd84e376f') in 0.014701 seconds
  Import took 0.019005 seconds .

========================================================================
Received Import Request.
  Time since last request: 0.000141 seconds.
  path: Assets/Prefabs/PlayerConfigurationManager.prefab
  artifactKey: Guid(a85caf5be5ec3584d94c725c0a96adfb) Importer(815301076,1909f56bfc062723c751e8b465ee728b)
Start importing Assets/Prefabs/PlayerConfigurationManager.prefab using Guid(a85caf5be5ec3584d94c725c0a96adfb) Importer(815301076,1909f56bfc062723c751e8b465ee728b)  -> (artifact id: '1ab73b00a3d6d6c9a6e5138f501b9a44') in 0.003076 seconds
  Import took 0.007422 seconds .

========================================================================
Received Import Request.
  Time since last request: 0.000138 seconds.
  path: Assets/Prefabs/PlayerConfiguration.prefab
  artifactKey: Guid(29a90556fe05e2e4885d2a1eb347cb93) Importer(815301076,1909f56bfc062723c751e8b465ee728b)
Start importing Assets/Prefabs/PlayerConfiguration.prefab using Guid(29a90556fe05e2e4885d2a1eb347cb93) Importer(815301076,1909f56bfc062723c751e8b465ee728b) Error loading the file 'Assets/TextMesh Pro/Resources/Fonts & Materials/LiberationSans SDF.asset'. File is either empty or corrupted, please verify the file contents.

 -> (artifact id: '9db204cf8c6620895135e010c467aec9') in 0.020297 seconds
  Import took 0.024642 seconds .

========================================================================
Received Import Request.
  Time since last request: 0.000161 seconds.
  path: Assets/Prefabs/PlayerSetupMenu.prefab
  artifactKey: Guid(f2fc4ded1bf55314e81f298dfa1c953a) Importer(815301076,1909f56bfc062723c751e8b465ee728b)
Start importing Assets/Prefabs/PlayerSetupMenu.prefab using Guid(f2fc4ded1bf55314e81f298dfa1c953a) Importer(815301076,1909f56bfc062723c751e8b465ee728b)  -> (artifact id: '19d13e735e8b652337f29ac4ca54fee7') in 0.003857 seconds
  Import took 0.008265 seconds .

========================================================================
Received Import Request.
  Time since last request: 0.000107 seconds.
  path: Assets/Prefabs/New Sprite.prefab
  artifactKey: Guid(b67a0434da2be424090cdf75dde170e6) Importer(815301076,1909f56bfc062723c751e8b465ee728b)
Start importing Assets/Prefabs/New Sprite.prefab using Guid(b67a0434da2be424090cdf75dde170e6) Importer(815301076,1909f56bfc062723c751e8b465ee728b)  -> (artifact id: 'c133516632376a1d97b33bc712b6078c') in 0.003016 seconds
  Import took 0.007477 seconds .

========================================================================
Received Import Request.
  Time since last request: 0.000110 seconds.
  path: Assets/Prefabs/Cube.prefab
  artifactKey: Guid(f8026d319446af04ab0fdc0cd48322b7) Importer(815301076,1909f56bfc062723c751e8b465ee728b)
Start importing Assets/Prefabs/Cube.prefab using Guid(f8026d319446af04ab0fdc0cd48322b7) Importer(815301076,1909f56bfc062723c751e8b465ee728b)  -> (artifact id: 'd0644d528067d1db1adaa5e960026a7f') in 0.006950 seconds
  Import took 0.011516 seconds .

========================================================================
Received Import Request.
  Time since last request: 3.539919 seconds.
  path: Assets/Timeline/ComboYuetsu.playable
  artifactKey: Guid(af46972232a9b6440a95686a47a476ea) Importer(815301076,1909f56bfc062723c751e8b465ee728b)
Start importing Assets/Timeline/ComboYuetsu.playable using Guid(af46972232a9b6440a95686a47a476ea) Importer(815301076,1909f56bfc062723c751e8b465ee728b)  -> (artifact id: 'dce1e7e3061d8d48ed989ff5af67c05d') in 0.136767 seconds
  Import took 0.141351 seconds .

========================================================================
Received Import Request.
  Time since last request: 0.000188 seconds.
  path: Assets/Timeline/UltimateYuetsuTimeline.playable
  artifactKey: Guid(308e84fa3df0be443a72b302fc4dca46) Importer(815301076,1909f56bfc062723c751e8b465ee728b)
Start importing Assets/Timeline/UltimateYuetsuTimeline.playable using Guid(308e84fa3df0be443a72b302fc4dca46) Importer(815301076,1909f56bfc062723c751e8b465ee728b)  -> (artifact id: 'ecd46b55b4b1860d4846b6d6d93cd0e9') in 0.053636 seconds
  Import took 0.057795 seconds .

========================================================================
Received Import Request.
  Time since last request: 0.035340 seconds.
  path: Assets/Tree 1_Textures/diffuse.png
  artifactKey: Guid(369c5f4b8ac74c04286ad4558ad77b17) Importer(815301076,1909f56bfc062723c751e8b465ee728b)
Start importing Assets/Tree 1_Textures/diffuse.png using Guid(369c5f4b8ac74c04286ad4558ad77b17) Importer(815301076,1909f56bfc062723c751e8b465ee728b)  -> (artifact id: '990f01589c9d660e5d482cae9ff94c03') in 0.026199 seconds
  Import took 0.030526 seconds .

========================================================================
Received Import Request.
  Time since last request: 0.000175 seconds.
  path: Assets/Tree 1_Textures/translucency_gloss.png
  artifactKey: Guid(8b16537ec508d2d45b9dd3bd9791e276) Importer(815301076,1909f56bfc062723c751e8b465ee728b)
Start importing Assets/Tree 1_Textures/translucency_gloss.png using Guid(8b16537ec508d2d45b9dd3bd9791e276) Importer(815301076,1909f56bfc062723c751e8b465ee728b)  -> (artifact id: '5686eff1120c25789c3d7afb2cabfa0e') in 0.003135 seconds
  Import took 0.007551 seconds .

========================================================================
Received Import Request.
  Time since last request: 0.000133 seconds.
  path: Assets/Tree 1_Textures/shadow.png
  artifactKey: Guid(2b2b97d5054458f4ca1ed4e7410738cb) Importer(815301076,1909f56bfc062723c751e8b465ee728b)
Start importing Assets/Tree 1_Textures/shadow.png using Guid(2b2b97d5054458f4ca1ed4e7410738cb) Importer(815301076,1909f56bfc062723c751e8b465ee728b)  -> (artifact id: '00c32460c867bb0a7dff36ec1dda6b82') in 0.004040 seconds
  Import took 0.008590 seconds .

========================================================================
Received Import Request.
  Time since last request: 0.000138 seconds.
  path: Assets/Tree 1_Textures/normal_specular.png
  artifactKey: Guid(6b3ae6c5b4389094b9aa3be8c95141ec) Importer(815301076,1909f56bfc062723c751e8b465ee728b)
Start importing Assets/Tree 1_Textures/normal_specular.png using Guid(6b3ae6c5b4389094b9aa3be8c95141ec) Importer(815301076,1909f56bfc062723c751e8b465ee728b)  -> (artifact id: '50f1e354c0e53fff9ce54030a8ed1899') in 0.003194 seconds
  Import took 0.007761 seconds .

========================================================================
Received Import Request.
  Time since last request: 0.264684 seconds.
  path: Assets/Shaders/AnimeRender.asset
  artifactKey: Guid(26bbf5833ffa0e24997df2926fc5406e) Importer(815301076,1909f56bfc062723c751e8b465ee728b)
Start importing Assets/Shaders/AnimeRender.asset using Guid(26bbf5833ffa0e24997df2926fc5406e) Importer(815301076,1909f56bfc062723c751e8b465ee728b)  -> (artifact id: '11ae785ffd4a5ca754d75068a6e5f577') in 0.002496 seconds
  Import took 0.006933 seconds .

========================================================================
Received Import Request.
  Time since last request: 0.000133 seconds.
  path: Assets/Shaders/AnimeRender_Renderer.asset
  artifactKey: Guid(4402d4c178429db43803f4027829976f) Importer(815301076,1909f56bfc062723c751e8b465ee728b)
Start importing Assets/Shaders/AnimeRender_Renderer.asset using Guid(4402d4c178429db43803f4027829976f) Importer(815301076,1909f56bfc062723c751e8b465ee728b)  -> (artifact id: 'a49eff6ed25523e10cd0fea56ff9c057') in 0.001891 seconds
  Import took 0.006956 seconds .

========================================================================
Received Import Request.
  Time since last request: 0.000129 seconds.
  path: Assets/Shaders/Outline.shadersubgraph
  artifactKey: Guid(739506a01f7ccd84db9180497708e1ad) Importer(815301076,1909f56bfc062723c751e8b465ee728b)
Start importing Assets/Shaders/Outline.shadersubgraph using Guid(739506a01f7ccd84db9180497708e1ad) Importer(815301076,1909f56bfc062723c751e8b465ee728b)  -> (artifact id: 'f08d4f7148079a26594634b422e0fb0f') in 0.004545 seconds
  Import took 0.009389 seconds .

========================================================================
Received Import Request.
  Time since last request: 0.000115 seconds.
  path: Assets/Shaders/Test.mat
  artifactKey: Guid(6768a894c479a3b4aa93a3ebe174be61) Importer(815301076,1909f56bfc062723c751e8b465ee728b)
Start importing Assets/Shaders/Test.mat using Guid(6768a894c479a3b4aa93a3ebe174be61) Importer(815301076,1909f56bfc062723c751e8b465ee728b)  -> (artifact id: '28a06b3a75ee573f8b85c7f6ccfc4566') in 0.384957 seconds
  Import took 0.389384 seconds .

========================================================================
Received Import Request.
  Time since last request: 0.000103 seconds.
  path: Assets/Shaders/YuetsuSwordShader.mat
  artifactKey: Guid(356e21ac3696a9b439508301326e8ca0) Importer(815301076,1909f56bfc062723c751e8b465ee728b)
Start importing Assets/Shaders/YuetsuSwordShader.mat using Guid(356e21ac3696a9b439508301326e8ca0) Importer(815301076,1909f56bfc062723c751e8b465ee728b)  -> (artifact id: '69125f63055b1241054be4a23f41b8d7') in 0.539694 seconds
  Import took 0.543909 seconds .

========================================================================
Received Import Request.
  Time since last request: 3953.632392 seconds.
  path: Assets/Scenes/MenuVictoire.unity
  artifactKey: Guid(10963b4fec0082f4fa8f8b5fede8a398) Importer(815301076,1909f56bfc062723c751e8b465ee728b)
Start importing Assets/Scenes/MenuVictoire.unity using Guid(10963b4fec0082f4fa8f8b5fede8a398) Importer(815301076,1909f56bfc062723c751e8b465ee728b)  -> (artifact id: 'c9e7926d0d512599995c1c3bad07b2be') in 0.002450 seconds
  Import took 0.013680 seconds .

========================================================================
Received Import Request.
  Time since last request: 9.433497 seconds.
  path: Assets/Scenes/SplashScreen.unity
  artifactKey: Guid(c8fd3804042a39c47938c6ca9530f54d) Importer(815301076,1909f56bfc062723c751e8b465ee728b)
Start importing Assets/Scenes/SplashScreen.unity using Guid(c8fd3804042a39c47938c6ca9530f54d) Importer(815301076,1909f56bfc062723c751e8b465ee728b)  -> (artifact id: 'b6d534973ea4ae32393de358b870ef26') in 0.001345 seconds
  Import took 0.005649 seconds .

========================================================================
Received Import Request.
  Time since last request: 2.542568 seconds.
  path: Assets/Scenes/CharacterSelection.unity
  artifactKey: Guid(756f48a2857eca043855db7fa0028ae9) Importer(815301076,1909f56bfc062723c751e8b465ee728b)
Start importing Assets/Scenes/CharacterSelection.unity using Guid(756f48a2857eca043855db7fa0028ae9) Importer(815301076,1909f56bfc062723c751e8b465ee728b)  -> (artifact id: '173be09d0d43fde37d86aae71d145bd9') in 0.001319 seconds
  Import took 0.005736 seconds .

========================================================================
Received Import Request.
  Time since last request: 0.822113 seconds.
  path: Assets/Scenes/Menu Principal.unity
  artifactKey: Guid(13dfea64510dbd8479120703676bb137) Importer(815301076,1909f56bfc062723c751e8b465ee728b)
Start importing Assets/Scenes/Menu Principal.unity using Guid(13dfea64510dbd8479120703676bb137) Importer(815301076,1909f56bfc062723c751e8b465ee728b)  -> (artifact id: '02a9f3d371e3026114160002774badbc') in 0.001332 seconds
  Import took 0.006036 seconds .

========================================================================
Received Import Request.
  Time since last request: 2.241739 seconds.
  path: Assets/Scenes/SampleScene.unity
  artifactKey: Guid(9fc0d4010bbf28b4594072e72b8655ab) Importer(815301076,1909f56bfc062723c751e8b465ee728b)
Start importing Assets/Scenes/SampleScene.unity using Guid(9fc0d4010bbf28b4594072e72b8655ab) Importer(815301076,1909f56bfc062723c751e8b465ee728b)  -> (artifact id: '0bbcfe7cb1d341808d1854d2a81c38b2') in 0.001270 seconds
  Import took 0.005688 seconds .

========================================================================
Received Import Request.
  Time since last request: 188.600771 seconds.
  path: Assets/Scenes/SampleScene.unity
  artifactKey: Guid(9fc0d4010bbf28b4594072e72b8655ab) Importer(815301076,1909f56bfc062723c751e8b465ee728b)
Start importing Assets/Scenes/SampleScene.unity using Guid(9fc0d4010bbf28b4594072e72b8655ab) Importer(815301076,1909f56bfc062723c751e8b465ee728b)  -> (artifact id: '75c7753a47db872f309bb834a5859f07') in 0.001343 seconds
  Import took 0.005778 seconds .

========================================================================
Received Import Request.
  Time since last request: 0.000576 seconds.
  path: Assets/Scenes/SampleScene.unity
  artifactKey: Guid(9fc0d4010bbf28b4594072e72b8655ab) Importer(815301076,1909f56bfc062723c751e8b465ee728b)
Start importing Assets/Scenes/SampleScene.unity using Guid(9fc0d4010bbf28b4594072e72b8655ab) Importer(815301076,1909f56bfc062723c751e8b465ee728b)  -> (artifact id: '75c7753a47db872f309bb834a5859f07') in 0.001089 seconds
  Import took 0.005347 seconds .

========================================================================
Received Import Request.
  Time since last request: 33.662914 seconds.
  path: Assets/Scripts/Character/Champ_Select_P1.png
  artifactKey: Guid(929f7c3985fe3f84b8f9de1568813cfd) Importer(815301076,1909f56bfc062723c751e8b465ee728b)
Start importing Assets/Scripts/Character/Champ_Select_P1.png using Guid(929f7c3985fe3f84b8f9de1568813cfd) Importer(815301076,1909f56bfc062723c751e8b465ee728b)  -> (artifact id: 'ca0471523cb26e45e7fe176758dc3d6e') in 0.124112 seconds
  Import took 0.129063 seconds .

========================================================================
Received Import Request.
  Time since last request: 0.000177 seconds.
  path: Assets/Painted HQ 2D Forest Medieval Background/evening/mountain01.png
  artifactKey: Guid(f138225fb2758c641b40ae90c500db26) Importer(815301076,1909f56bfc062723c751e8b465ee728b)
Start importing Assets/Painted HQ 2D Forest Medieval Background/evening/mountain01.png using Guid(f138225fb2758c641b40ae90c500db26) Importer(815301076,1909f56bfc062723c751e8b465ee728b)  -> (artifact id: '84817200b911c1b3c290b9a7c146240b') in 0.045642 seconds
  Import took 0.049570 seconds .

========================================================================
Received Import Request.
  Time since last request: 0.000175 seconds.
  path: Assets/Painted HQ 2D Forest Medieval Background/evening/cloud01.png
  artifactKey: Guid(99ba51f130c2c26458e8d83637667448) Importer(815301076,1909f56bfc062723c751e8b465ee728b)
Start importing Assets/Painted HQ 2D Forest Medieval Background/evening/cloud01.png using Guid(99ba51f130c2c26458e8d83637667448) Importer(815301076,1909f56bfc062723c751e8b465ee728b)  -> (artifact id: 'ee62b1a8ed04afedd554560f023242f5') in 0.086929 seconds
  Import took 0.091167 seconds .

========================================================================
Received Import Request.
  Time since last request: 0.000549 seconds.
  path: Assets/Painted HQ 2D Forest Medieval Background/evening/sky.png
  artifactKey: Guid(f55507d454bdf4147a49efc80be9332b) Importer(815301076,1909f56bfc062723c751e8b465ee728b)
Start importing Assets/Painted HQ 2D Forest Medieval Background/evening/sky.png using Guid(f55507d454bdf4147a49efc80be9332b) Importer(815301076,1909f56bfc062723c751e8b465ee728b)  -> (artifact id: 'f48aa8c67df62f986f63d44db50e468d') in 0.068582 seconds
  Import took 0.072936 seconds .

========================================================================
Received Import Request.
  Time since last request: 0.000172 seconds.
  path: Assets/Painted HQ 2D Forest Medieval Background/evening/cloud02.png
  artifactKey: Guid(d9333f218377dda4ba9650ec8f76c40d) Importer(815301076,1909f56bfc062723c751e8b465ee728b)
Start importing Assets/Painted HQ 2D Forest Medieval Background/evening/cloud02.png using Guid(d9333f218377dda4ba9650ec8f76c40d) Importer(815301076,1909f56bfc062723c751e8b465ee728b)  -> (artifact id: '8c10c180cd299328359d256c78622fc3') in 0.010175 seconds
  Import took 0.014642 seconds .

========================================================================
Received Import Request.
  Time since last request: 0.000156 seconds.
  path: Assets/Painted HQ 2D Forest Medieval Background/day/mountain02.png
  artifactKey: Guid(bf66f81ff5312b0468db46a55bc8b271) Importer(815301076,1909f56bfc062723c751e8b465ee728b)
Start importing Assets/Painted HQ 2D Forest Medieval Background/day/mountain02.png using Guid(bf66f81ff5312b0468db46a55bc8b271) Importer(815301076,1909f56bfc062723c751e8b465ee728b)  -> (artifact id: '45578768134dfe8c08474d5987863c4f') in 0.018130 seconds
  Import took 0.022319 seconds .

========================================================================
Received Import Request.
  Time since last request: 0.000188 seconds.
  path: Assets/Image/Healthbar/SSS_Barre_PV_Vide.png
  artifactKey: Guid(4bc69c08a28c64f4e8961f426983d53f) Importer(815301076,1909f56bfc062723c751e8b465ee728b)
Start importing Assets/Image/Healthbar/SSS_Barre_PV_Vide.png using Guid(4bc69c08a28c64f4e8961f426983d53f) Importer(815301076,1909f56bfc062723c751e8b465ee728b)  -> (artifact id: '2286c7a35e2b548b5b7c4acba2ddd236') in 0.005517 seconds
  Import took 0.009787 seconds .

========================================================================
Received Import Request.
  Time since last request: 0.000153 seconds.
  path: Assets/Painted HQ 2D Forest Medieval Background/day/cloud01.png
  artifactKey: Guid(d083d3f17cd7d0b4baedc62d855471c8) Importer(815301076,1909f56bfc062723c751e8b465ee728b)
Start importing Assets/Painted HQ 2D Forest Medieval Background/day/cloud01.png using Guid(d083d3f17cd7d0b4baedc62d855471c8) Importer(815301076,1909f56bfc062723c751e8b465ee728b)  -> (artifact id: 'cb5c479c7f6e42088e37d144cf664a64') in 0.009841 seconds
  Import took 0.014128 seconds .

========================================================================
Received Import Request.
  Time since last request: 0.000145 seconds.
  path: Assets/Painted HQ 2D Forest Medieval Background/day/cloud02.png
  artifactKey: Guid(5f9e50fddcbd27747be4ff005e67979b) Importer(815301076,1909f56bfc062723c751e8b465ee728b)
Start importing Assets/Painted HQ 2D Forest Medieval Background/day/cloud02.png using Guid(5f9e50fddcbd27747be4ff005e67979b) Importer(815301076,1909f56bfc062723c751e8b465ee728b)  -> (artifact id: 'ec165f70ce518d545dc0222b96a1796c') in 0.010616 seconds
  Import took 0.014974 seconds .

========================================================================
Received Import Request.
  Time since last request: 0.000154 seconds.
  path: Assets/Painted HQ 2D Forest Medieval Background/evening/cloud03.png
  artifactKey: Guid(a0398b1517032824da3d0ba68c409490) Importer(815301076,1909f56bfc062723c751e8b465ee728b)
Start importing Assets/Painted HQ 2D Forest Medieval Background/evening/cloud03.png using Guid(a0398b1517032824da3d0ba68c409490) Importer(815301076,1909f56bfc062723c751e8b465ee728b)  -> (artifact id: '745c096e234a4550cb02fc46a0fb10fb') in 0.006385 seconds
  Import took 0.010612 seconds .

========================================================================
Received Import Request.
  Time since last request: 0.000167 seconds.
  path: Assets/Painted HQ 2D Forest Medieval Background/day/cloud03.png
  artifactKey: Guid(b2e7ab64fd7eb364ab7451d09f294367) Importer(815301076,1909f56bfc062723c751e8b465ee728b)
Start importing Assets/Painted HQ 2D Forest Medieval Background/day/cloud03.png using Guid(b2e7ab64fd7eb364ab7451d09f294367) Importer(815301076,1909f56bfc062723c751e8b465ee728b)  -> (artifact id: 'f63e1aa4a89e42aeabc2b4c22c8d0de1') in 0.008305 seconds
  Import took 0.012782 seconds .

========================================================================
Received Import Request.
  Time since last request: 0.000151 seconds.
  path: Assets/Painted HQ 2D Forest Medieval Background/night/cloud03.png
  artifactKey: Guid(e73463d1099f91b4ba8e31b9c3175996) Importer(815301076,1909f56bfc062723c751e8b465ee728b)
Start importing Assets/Painted HQ 2D Forest Medieval Background/night/cloud03.png using Guid(e73463d1099f91b4ba8e31b9c3175996) Importer(815301076,1909f56bfc062723c751e8b465ee728b)  -> (artifact id: 'e8639a829f683fec9df4ec2b2a20ff5a') in 0.005672 seconds
  Import took 0.010038 seconds .

========================================================================
Received Import Request.
  Time since last request: 0.000131 seconds.
  path: Assets/Painted HQ 2D Forest Medieval Background/night/cloud01.png
  artifactKey: Guid(18ad3666f05b674499b413025f1a4227) Importer(815301076,1909f56bfc062723c751e8b465ee728b)
Start importing Assets/Painted HQ 2D Forest Medieval Background/night/cloud01.png using Guid(18ad3666f05b674499b413025f1a4227) Importer(815301076,1909f56bfc062723c751e8b465ee728b)  -> (artifact id: '7d1ad426d08a67068ed57737eabfcb9e') in 0.008577 seconds
  Import took 0.012808 seconds .

========================================================================
Received Import Request.
  Time since last request: 0.000147 seconds.
  path: Assets/Image/Healthbar/SSS_Barre_PV_Vert.png
  artifactKey: Guid(4906038baeae6db4ea9ad1ba1ce27e01) Importer(815301076,1909f56bfc062723c751e8b465ee728b)
Start importing Assets/Image/Healthbar/SSS_Barre_PV_Vert.png using Guid(4906038baeae6db4ea9ad1ba1ce27e01) Importer(815301076,1909f56bfc062723c751e8b465ee728b)  -> (artifact id: 'e8e94b4384f102e483c06fb7edec9dd5') in 0.007826 seconds
  Import took 0.011873 seconds .

========================================================================
Received Import Request.
  Time since last request: 0.000170 seconds.
  path: Assets/Painted HQ 2D Forest Medieval Background/day/mountain01.png
  artifactKey: Guid(63bd50a6c3fd26b439c10e599e94b853) Importer(815301076,1909f56bfc062723c751e8b465ee728b)
Start importing Assets/Painted HQ 2D Forest Medieval Background/day/mountain01.png using Guid(63bd50a6c3fd26b439c10e599e94b853) Importer(815301076,1909f56bfc062723c751e8b465ee728b)  -> (artifact id: 'ea792664833d04354349b33e60b91fbd') in 0.008582 seconds
  Import took 0.013020 seconds .

========================================================================
Received Import Request.
  Time since last request: 0.000150 seconds.
  path: Assets/Image/Healthbar/SSS_Barre_PV_Rouge.png
  artifactKey: Guid(2b4c95bcbd9dec248a5ca5e135e2698b) Importer(815301076,1909f56bfc062723c751e8b465ee728b)
Start importing Assets/Image/Healthbar/SSS_Barre_PV_Rouge.png using Guid(2b4c95bcbd9dec248a5ca5e135e2698b) Importer(815301076,1909f56bfc062723c751e8b465ee728b)  -> (artifact id: '748af79fa46daee2d09e6f5a91df9e1b') in 0.005726 seconds
  Import took 0.010150 seconds .

========================================================================
Received Import Request.
  Time since last request: 0.000148 seconds.
  path: Assets/Painted HQ 2D Forest Medieval Background/day/sky.png
  artifactKey: Guid(70e32caafad415e489dea7aa867977e0) Importer(815301076,1909f56bfc062723c751e8b465ee728b)
Start importing Assets/Painted HQ 2D Forest Medieval Background/day/sky.png using Guid(70e32caafad415e489dea7aa867977e0) Importer(815301076,1909f56bfc062723c751e8b465ee728b)  -> (artifact id: 'f3f7082660646de43f602e20126ec44c') in 0.006725 seconds
  Import took 0.011150 seconds .

========================================================================
Received Import Request.
  Time since last request: 0.000168 seconds.
  path: Assets/Scripts/Character/Champ_Select_P2.png
  artifactKey: Guid(298b156e28adc4d40b082243eb813632) Importer(815301076,1909f56bfc062723c751e8b465ee728b)
Start importing Assets/Scripts/Character/Champ_Select_P2.png using Guid(298b156e28adc4d40b082243eb813632) Importer(815301076,1909f56bfc062723c751e8b465ee728b)  -> (artifact id: 'db3c5379dc951b240b5a5b7b131d6dfe') in 0.018038 seconds
  Import took 0.022908 seconds .

========================================================================
Received Import Request.
  Time since last request: 0.000176 seconds.
  path: Assets/Painted HQ 2D Forest Medieval Background/night/cloud02.png
  artifactKey: Guid(cb4ab5a5300dcf24eaf0658a4c7dff9f) Importer(815301076,1909f56bfc062723c751e8b465ee728b)
Start importing Assets/Painted HQ 2D Forest Medieval Background/night/cloud02.png using Guid(cb4ab5a5300dcf24eaf0658a4c7dff9f) Importer(815301076,1909f56bfc062723c751e8b465ee728b)  -> (artifact id: 'cfe2a394c9f48c7ff031681253a085db') in 0.005360 seconds
  Import took 0.009722 seconds .

========================================================================
Received Import Request.
  Time since last request: 0.000116 seconds.
  path: Assets/Painted HQ 2D Forest Medieval Background/night/sky.png
  artifactKey: Guid(fd8e132a64c68724e83ef37f68f9c1c7) Importer(815301076,1909f56bfc062723c751e8b465ee728b)
Start importing Assets/Painted HQ 2D Forest Medieval Background/night/sky.png using Guid(fd8e132a64c68724e83ef37f68f9c1c7) Importer(815301076,1909f56bfc062723c751e8b465ee728b)  -> (artifact id: '77f3c143779eeacdc4eed0f155094084') in 0.005367 seconds
  Import took 0.009573 seconds .

========================================================================
Received Import Request.
  Time since last request: 0.000181 seconds.
  path: Assets/Painted HQ 2D Forest Medieval Background/night/mountain02.png
  artifactKey: Guid(4f896d7c37e46c34c9b57f2e7fed52c5) Importer(815301076,1909f56bfc062723c751e8b465ee728b)
Start importing Assets/Painted HQ 2D Forest Medieval Background/night/mountain02.png using Guid(4f896d7c37e46c34c9b57f2e7fed52c5) Importer(815301076,1909f56bfc062723c751e8b465ee728b)  -> (artifact id: '2fbaadb79312775c888d9e5f98a6fcec') in 0.008006 seconds
  Import took 0.012409 seconds .

========================================================================
Received Import Request.
  Time since last request: 0.000140 seconds.
  path: Assets/Painted HQ 2D Forest Medieval Background/night/cloud02.png
  artifactKey: Guid(cb4ab5a5300dcf24eaf0658a4c7dff9f) Importer(815301076,1909f56bfc062723c751e8b465ee728b)
Start importing Assets/Painted HQ 2D Forest Medieval Background/night/cloud02.png using Guid(cb4ab5a5300dcf24eaf0658a4c7dff9f) Importer(815301076,1909f56bfc062723c751e8b465ee728b)  -> (artifact id: 'cfe2a394c9f48c7ff031681253a085db') in 0.005683 seconds
  Import took 0.009945 seconds .

========================================================================
Received Import Request.
  Time since last request: 0.000128 seconds.
  path: Assets/Painted HQ 2D Forest Medieval Background/night/mountain01.png
  artifactKey: Guid(0d08b6928114d47439546a398b35c506) Importer(815301076,1909f56bfc062723c751e8b465ee728b)
Start importing Assets/Painted HQ 2D Forest Medieval Background/night/mountain01.png using Guid(0d08b6928114d47439546a398b35c506) Importer(815301076,1909f56bfc062723c751e8b465ee728b)  -> (artifact id: '5c8853765dd45a8a78dc9938cf2e3c94') in 0.008696 seconds
  Import took 0.012852 seconds .

========================================================================
Received Import Request.
  Time since last request: 0.000142 seconds.
  path: Assets/Painted HQ 2D Forest Medieval Background/evening/mountain02.png
  artifactKey: Guid(db221b0bdb18e4748bbdcb1a3ace4495) Importer(815301076,1909f56bfc062723c751e8b465ee728b)
Start importing Assets/Painted HQ 2D Forest Medieval Background/evening/mountain02.png using Guid(db221b0bdb18e4748bbdcb1a3ace4495) Importer(815301076,1909f56bfc062723c751e8b465ee728b)  -> (artifact id: '650688efbddf7de13aec58e86618d2f4') in 0.005789 seconds
  Import took 0.010242 seconds .

========================================================================
Received Import Request.
  Time since last request: 0.000157 seconds.
  path: Assets/Scripts/Character/SSS_Fond_Select_Champ.png
  artifactKey: Guid(d553ca2bbdeee1746a129d8c24f0233f) Importer(815301076,1909f56bfc062723c751e8b465ee728b)
Start importing Assets/Scripts/Character/SSS_Fond_Select_Champ.png using Guid(d553ca2bbdeee1746a129d8c24f0233f) Importer(815301076,1909f56bfc062723c751e8b465ee728b)  -> (artifact id: 'cfbebb0baffb9714e30dd87d11b44db4') in 0.009513 seconds
  Import took 0.013864 seconds .

========================================================================
Received Import Request.
  Time since last request: 0.000123 seconds.
  path: Assets/Painted HQ 2D Forest Medieval Background/evening/mountain02.png
  artifactKey: Guid(db221b0bdb18e4748bbdcb1a3ace4495) Importer(815301076,1909f56bfc062723c751e8b465ee728b)
Start importing Assets/Painted HQ 2D Forest Medieval Background/evening/mountain02.png using Guid(db221b0bdb18e4748bbdcb1a3ace4495) Importer(815301076,1909f56bfc062723c751e8b465ee728b)  -> (artifact id: '650688efbddf7de13aec58e86618d2f4') in 0.010905 seconds
  Import took 0.015563 seconds .

========================================================================
Received Import Request.
  Time since last request: 0.000135 seconds.
  path: Assets/Scripts/Character/SSS_Fond_Select_Champ.png
  artifactKey: Guid(d553ca2bbdeee1746a129d8c24f0233f) Importer(815301076,1909f56bfc062723c751e8b465ee728b)
Start importing Assets/Scripts/Character/SSS_Fond_Select_Champ.png using Guid(d553ca2bbdeee1746a129d8c24f0233f) Importer(815301076,1909f56bfc062723c751e8b465ee728b)  -> (artifact id: 'cfbebb0baffb9714e30dd87d11b44db4') in 0.005702 seconds
  Import took 0.009971 seconds .

========================================================================
Received Import Request.
  Time since last request: 162.492396 seconds.
  path: Assets/Scripts/Menu Script/BarreSon.cs
  artifactKey: Guid(3bb13ee1065da8a488a7df89ec67f8ba) Importer(815301076,1909f56bfc062723c751e8b465ee728b)
Start importing Assets/Scripts/Menu Script/BarreSon.cs using Guid(3bb13ee1065da8a488a7df89ec67f8ba) Importer(815301076,1909f56bfc062723c751e8b465ee728b)  -> (artifact id: '18d3aa10036e9b3d501c9386f9be0711') in 0.001510 seconds
  Import took 0.006714 seconds .

========================================================================
Received Import Request.
  Time since last request: 351.622613 seconds.
  path: Assets/Scripts/Menu Script/PauseMenu.cs
  artifactKey: Guid(545fc58b454750d48b519b0ec5ea2405) Importer(815301076,1909f56bfc062723c751e8b465ee728b)
Start importing Assets/Scripts/Menu Script/PauseMenu.cs using Guid(545fc58b454750d48b519b0ec5ea2405) Importer(815301076,1909f56bfc062723c751e8b465ee728b)  -> (artifact id: '9bbfebd1940b0d7d186f8b3032656acd') in 0.001071 seconds
  Import took 0.006126 seconds .

AssetImportWorkerClient::OnTransportError - code=2 error=End of file
